Epoch 1, Loss: 7384066.3081
Epoch 1001, Loss: 128037.1417
Epoch 2001, Loss: 564482.3828
Epoch 3001, Loss: 189209.3521
Epoch 4001, Loss: 69306.7774
Epoch 5001, Loss: 75465.5394
Epoch 6001, Loss: 71741.8699
Epoch 7001, Loss: 135608.1323
Epoch 8001, Loss: 72290.3630
Epoch 9001, Loss: 84226.2731
Epoch 10001, Loss: 72677.1552
Epoch 11001, Loss: 97365.5548
Epoch 12001, Loss: 88779.4082
Epoch 13001, Loss: 77377.4272
Epoch 14001, Loss: 67368.8935
Epoch 15001, Loss: 83049.3269
Epoch 16001, Loss: 94216.5868
Epoch 17001, Loss: 95221.5147
Epoch 18001, Loss: 131951.8292
Epoch 19001, Loss: 68927.9341
Epoch 20001, Loss: 74285.0665
Epoch 21001, Loss: 72474.6004
Epoch 22001, Loss: 72936.4503
Epoch 23001, Loss: 67434.9343
Epoch 24001, Loss: 67503.9686
Epoch 25001, Loss: 127488.0252
Epoch 26001, Loss: 128303.4701
Epoch 27001, Loss: 131997.3340
Epoch 28001, Loss: 75736.4100
Epoch 29001, Loss: 73480.1102
Epoch 30001, Loss: 80508.7522
Epoch 31001, Loss: 86376.5324
Epoch 32001, Loss: 85927.2159
Epoch 33001, Loss: 73407.8931
Epoch 34001, Loss: 129105.9887
Epoch 35001, Loss: 133035.4635
Epoch 36001, Loss: 72843.2048
Epoch 37001, Loss: 72912.0359
Epoch 38001, Loss: 137355.5560
Epoch 39001, Loss: 66943.3451
Pyro Model - Accuracy: 0.8049
Pyro Model - Precision: 0.1943
Pyro Model - Recall: 0.2188
Pyro Model - F1 Score: 0.2058
Logistic Regression - Accuracy: 0.8859
Logistic Regression - Precision: 0.6195
Logistic Regression - Recall: 0.0312
Logistic Regression - F1 Score: 0.0594

------------------------------------------------------------
Sender: LSF System <lsfadmin@hpc.dtu.dk>
Subject: Job 21826939: <NoBatching> in cluster <dcc> Done

Job <NoBatching> was submitted from host <hpclogin2> by user <s222883> in cluster <dcc> at Tue May 21 18:58:02 2024
Job was executed on host(s) <4*n-62-20-11>, in queue <gpuv100>, as user <s222883> in cluster <dcc> at Tue May 21 19:00:48 2024
</zhome/58/f/181392> was used as the home directory.
</zhome/58/f/181392/DTU/MBML/european_vote_analysis> was used as the working directory.
Started at Tue May 21 19:00:48 2024
Terminated at Tue May 21 19:05:01 2024
Results reported at Tue May 21 19:05:01 2024

Your job looked like:

------------------------------------------------------------
# LSBATCH: User input
#!/bin/bash
### General options
### -- specify queue --
#BSUB -q gpuv100
#BSUB -gpu "num=1:mode=exclusive_process"
### -- set the job Name --
#BSUB -J NoBatching
### -- ask for number of cores (default: 1) --
#BSUB -n 4
### -- specify that the cores must be on the same host --
#BSUB -R "span[hosts=1]"
### -- specify that we need 4GB of memory per core/slot --
#BSUB -R "rusage[mem=1GB]"
### -- specify that we want the job to get killed if it exceeds 5 GB per core/slot --
#BSUB -M 1GB
### -- set walltime limit: hh:mm --
#BSUB -W 00:20
### -- Specify the output and error file. %J is the job-id --
#BSUB -oo /zhome/58/f/181392/DTU/MBML/european_vote_analysis/src/cluster/Output_%J.out
#BSUB -eo /zhome/58/f/181392/DTU/MBML/european_vote_analysis/src/cluster/Error_%J.err

# Load necessary modules (assuming you have these modules available)
module load cuda/12.1  # Load CUDA if you are using GPU

# Activate your virtual environment
source /zhome/58/f/181392/DTU/MBML/european_vote_analysis/.venv/bin/activate

# Run your training script
python /zhome/58/f/181392/DTU/MBML/european_vote_analysis/src/models/train_model.py --cuda --n_steps 40000 --batch-size 1000 --learning-rate 0.01 --log_interval 1000

------------------------------------------------------------

Successfully completed.

Resource usage summary:

    CPU time :                                   244.51 sec.
    Max Memory :                                 785 MB
    Average Memory :                             775.75 MB
    Total Requested Memory :                     4096.00 MB
    Delta Memory :                               3311.00 MB
    Max Swap :                                   -
    Max Processes :                              4
    Max Threads :                                8
    Run time :                                   254 sec.
    Turnaround time :                            419 sec.

The output (if any) is above this job summary.



PS:

Read file </zhome/58/f/181392/DTU/MBML/european_vote_analysis/src/cluster/Error_21826939.err> for stderr output of this job.

